Program called with the following parameters:
 * downscale = 2
 * exportIntermediateResults = 0
 * imagesFolder = "C:/Users/adamr/Desktop/model/MeshroomCache/PrepareDenseScene/617380854be228f74a0ceef3e32093cd13be9716"
 * input = "C:/Users/adamr/Desktop/model/MeshroomCache/StructureFromMotion/593386d764658876097ff6ce205b18306f624e95/sfm.abc"
 * maxViewAngle = 70
 * minViewAngle = 2
 * nbGPUs = 0
 * output = "C:/Users/adamr/Desktop/model/MeshroomCache/DepthMap/35dcb612e50e634fff0b40f0ce46e4f28dee6d16"
 * rangeSize = 3
 * rangeStart = 6
 * refineGammaC = 15.5
 * refineGammaP = 8
 * refineMaxTCams = 6
 * refineNDepthsToRefine = 31
 * refineNSamplesHalf = 150
 * refineNiters = 100
 * refineSigma = 15
 * refineUseTcOrRcPixSize = 0
 * refineWSH = 3
 * sgmGammaC = 5.5
 * sgmGammaP = 8
 * sgmMaxTCams = 10
 * sgmWSH = 4
 * verboseLevel = "info"

[09:08:24.831730][info] CUDA-Enabled GPU.
Device information:
	- id:                      0
	- name:                    GeForce GTX 970
	- compute capability:      5.2
	- total device memory:     4096 MB 
	- device memory available: 3375 MB 
	- per-block shared memory: 49152
	- warp size:               32
	- max threads per block:   1024
	- max threads per SM(X):   2048
	- max block sizes:         {1024,1024,64}
	- max grid sizes:          {2147483647,65535,65535}
	- max 2D array texture:    {65536,65536}
	- max 3D array texture:    {4096,4096,4096}
	- max 2D linear texture:   {65536,65536,1048544}
	- max 2D layered texture:  {16384,16384,2048}
	- number of SM(x)s:        13
	- registers per SM(x):     65536
	- registers per block:     65536
	- concurrent kernels:      yes
	- mapping host memory:     yes
	- unified addressing:      yes
	- texture alignment:       512 byte
	- pitch alignment:         32 byte
[09:08:24.912515][info] Supported CUDA-Enabled GPU detected.
[09:08:24.930467][info] Found 1 image dimension(s): 
[09:08:24.930467][info] 	- [1488x2000]
[09:08:24.942434][info] Overall maximum dimension: [1488x2000]
[09:08:24.942434][info] Create depth maps.
number of CUDA devices:	1
   0: GeForce GTX 970
[09:08:24.942434][info] # GPU devices: 1, # CPU threads: 8
[09:08:24.942434][info] Plane sweeping parameters:
	- scale: 2
	- step: 2
[09:08:24.942434][info] PlaneSweepingCuda:
	- _nImgsInGPUAtTime: 7
	- scales: 2
	- subPixel: Yes
	- varianceWSH: 4
CUDA device no 0 for 0
Device 0 memory - used: 720.525024, free: 3375.475098, total: 4096.000000
Device 0 memory - used: 822.900024, free: 3273.100098, total: 4096.000000
[09:08:24.953405][info] Found only 3/10 nearest cameras for view id: 1055060459
[09:08:24.954402][info] Found only 3/6 nearest cameras for view id: 1055060459
[09:08:25.966523][info] Estimate depth map, view id: 1055060459
Device 0 memory - used: 870.775024, free: 3225.225098, total: 4096.000000
total size of volume map in GPU memory: 47.851563
nDepths 392, nDepthsToSearch 392 
ps_computeSimilarityVolume elapsed time: 4.000000 ms 
Device 0 memory - used: 867.025024, free: 3228.975098, total: 4096.000000
total size of volume map in GPU memory: 44.067383
nDepths 361, nDepthsToSearch 361 
ps_computeSimilarityVolume elapsed time: 7.000000 ms 
Device 0 memory - used: 865.025024, free: 3230.975098, total: 4096.000000
total size of volume map in GPU memory: 42.114258
nDepths 345, nDepthsToSearch 345 
ps_computeSimilarityVolume elapsed time: 7.000000 ms 
ps_SGMoptimizeSimVolume
ps_updateAggrVolume
ps_aggregatePathVolume
ps_aggregatePathVolume done
ps_updateAggrVolume done
ps_updateAggrVolume
ps_aggregatePathVolume
ps_aggregatePathVolume done
ps_updateAggrVolume done
ps_updateAggrVolume
ps_aggregatePathVolume
ps_aggregatePathVolume done
ps_updateAggrVolume done
ps_updateAggrVolume
ps_aggregatePathVolume
ps_aggregatePathVolume done
ps_updateAggrVolume done
SGM volume gpu elapsed time: 177.000000 ms 
ps_SGMoptimizeSimVolume done
[09:08:27.569191][info] Refine depth map, view id: 1055060459
gpu elapsed time: 75.000000 ms 
gpu elapsed time: 75.000000 ms 
gpu elapsed time: 76.000000 ms 
gpu elapsed time: 74.000000 ms 
gpu elapsed time: 75.000000 ms 
gpu elapsed time: 74.000000 ms 
gpu elapsed time: 75.000000 ms 
gpu elapsed time: 74.000000 ms 
gpu elapsed time: 75.000000 ms 
gpu elapsed time: 76.000000 ms 
gpu elapsed time: 69.000000 ms 
gpu elapsed time: 73.000000 ms 
gpu elapsed time: 45.000000 ms 
gpu elapsed time: 43.000000 ms 
gpu elapsed time: 42.000000 ms 
gpu elapsed time: 41.000000 ms 
rc: 6, gpu elapsed time: 30.000000 ms 
rc: 6, gpu elapsed time: 28.000000 ms 
rc: 6, gpu elapsed time: 29.000000 ms 
rc: 6, gpu elapsed time: 29.000000 ms 
[09:08:29.205676][info] Found only 5/10 nearest cameras for view id: 1559768425
[09:08:29.207670][info] Found only 5/6 nearest cameras for view id: 1559768425
[09:08:29.753719][info] Estimate depth map, view id: 1559768425
Device 0 memory - used: 868.775024, free: 3227.225098, total: 4096.000000
total size of volume map in GPU memory: 45.776367
nDepths 375, nDepthsToSearch 375 
ps_computeSimilarityVolume elapsed time: 5.000000 ms 
Device 0 memory - used: 872.150024, free: 3223.850098, total: 4096.000000
total size of volume map in GPU memory: 49.194336
nDepths 403, nDepthsToSearch 403 
ps_computeSimilarityVolume elapsed time: 7.000000 ms 
Device 0 memory - used: 872.150024, free: 3223.850098, total: 4096.000000
total size of volume map in GPU memory: 49.194336
nDepths 403, nDepthsToSearch 403 
ps_computeSimilarityVolume elapsed time: 10.000000 ms 
Device 0 memory - used: 872.150024, free: 3223.850098, total: 4096.000000
total size of volume map in GPU memory: 49.194336
nDepths 403, nDepthsToSearch 403 
ps_computeSimilarityVolume elapsed time: 6.000000 ms 
Device 0 memory - used: 868.150024, free: 3227.850098, total: 4096.000000
total size of volume map in GPU memory: 45.166016
nDepths 370, nDepthsToSearch 370 
ps_computeSimilarityVolume elapsed time: 7.000000 ms 
ps_SGMoptimizeSimVolume
ps_updateAggrVolume
ps_aggregatePathVolume
ps_aggregatePathVolume done
ps_updateAggrVolume done
ps_updateAggrVolume
ps_aggregatePathVolume
ps_aggregatePathVolume done
ps_updateAggrVolume done
ps_updateAggrVolume
ps_aggregatePathVolume
ps_aggregatePathVolume done
ps_updateAggrVolume done
ps_updateAggrVolume
ps_aggregatePathVolume
ps_aggregatePathVolume done
ps_updateAggrVolume done
SGM volume gpu elapsed time: 177.000000 ms 
ps_SGMoptimizeSimVolume done
[09:08:31.919904][info] Refine depth map, view id: 1559768425
gpu elapsed time: 76.000000 ms 
gpu elapsed time: 78.000000 ms 
gpu elapsed time: 79.000000 ms 
gpu elapsed time: 80.000000 ms 
gpu elapsed time: 78.000000 ms 
gpu elapsed time: 78.000000 ms 
gpu elapsed time: 79.000000 ms 
gpu elapsed time: 79.000000 ms 
gpu elapsed time: 74.000000 ms 
gpu elapsed time: 76.000000 ms 
gpu elapsed time: 77.000000 ms 
gpu elapsed time: 80.000000 ms 
gpu elapsed time: 77.000000 ms 
gpu elapsed time: 76.000000 ms 
gpu elapsed time: 76.000000 ms 
gpu elapsed time: 82.000000 ms 
gpu elapsed time: 77.000000 ms 
gpu elapsed time: 66.000000 ms 
gpu elapsed time: 76.000000 ms 
gpu elapsed time: 81.000000 ms 
gpu elapsed time: 69.000000 ms 
gpu elapsed time: 65.000000 ms 
gpu elapsed time: 78.000000 ms 
gpu elapsed time: 73.000000 ms 
rc: 7, gpu elapsed time: 30.000000 ms 
rc: 7, gpu elapsed time: 30.000000 ms 
rc: 7, gpu elapsed time: 29.000000 ms 
rc: 7, gpu elapsed time: 29.000000 ms 
[09:08:35.798313][info] Estimate depth map, view id: 1681010432
Device 0 memory - used: 879.525024, free: 3216.475098, total: 4096.000000
total size of volume map in GPU memory: 56.518555
nDepths 463, nDepthsToSearch 463 
ps_computeSimilarityVolume elapsed time: 5.000000 ms 
Device 0 memory - used: 881.650024, free: 3214.350098, total: 4096.000000
total size of volume map in GPU memory: 58.715820
nDepths 481, nDepthsToSearch 481 
ps_computeSimilarityVolume elapsed time: 6.000000 ms 
Device 0 memory - used: 878.775024, free: 3217.225098, total: 4096.000000
total size of volume map in GPU memory: 55.786133
nDepths 457, nDepthsToSearch 457 
ps_computeSimilarityVolume elapsed time: 7.000000 ms 
Device 0 memory - used: 881.650024, free: 3214.350098, total: 4096.000000
total size of volume map in GPU memory: 58.715820
nDepths 481, nDepthsToSearch 481 
ps_computeSimilarityVolume elapsed time: 7.000000 ms 
Device 0 memory - used: 880.275024, free: 3215.725098, total: 4096.000000
total size of volume map in GPU memory: 57.250977
nDepths 469, nDepthsToSearch 469 
ps_computeSimilarityVolume elapsed time: 7.000000 ms 
Device 0 memory - used: 869.525024, free: 3226.475098, total: 4096.000000
total size of volume map in GPU memory: 46.508789
nDepths 381, nDepthsToSearch 381 
ps_computeSimilarityVolume elapsed time: 6.000000 ms 
Device 0 memory - used: 869.525024, free: 3226.475098, total: 4096.000000
total size of volume map in GPU memory: 46.508789
nDepths 381, nDepthsToSearch 381 
ps_computeSimilarityVolume elapsed time: 7.000000 ms 
Device 0 memory - used: 881.650024, free: 3214.350098, total: 4096.000000
total size of volume map in GPU memory: 58.715820
nDepths 481, nDepthsToSearch 481 
ps_computeSimilarityVolume elapsed time: 9.000000 ms 
Device 0 memory - used: 861.275024, free: 3234.725098, total: 4096.000000
total size of volume map in GPU memory: 38.330078
nDepths 314, nDepthsToSearch 314 
ps_computeSimilarityVolume elapsed time: 7.000000 ms 
Device 0 memory - used: 861.275024, free: 3234.725098, total: 4096.000000
total size of volume map in GPU memory: 38.330078
nDepths 314, nDepthsToSearch 314 
ps_computeSimilarityVolume elapsed time: 7.000000 ms 
ps_SGMoptimizeSimVolume
ps_updateAggrVolume
ps_aggregatePathVolume
ps_aggregatePathVolume done
ps_updateAggrVolume done
ps_updateAggrVolume
ps_aggregatePathVolume
ps_aggregatePathVolume done
ps_updateAggrVolume done
ps_updateAggrVolume
ps_aggregatePathVolume
ps_aggregatePathVolume done
ps_updateAggrVolume done
ps_updateAggrVolume
ps_aggregatePathVolume
ps_aggregatePathVolume done
ps_updateAggrVolume done
SGM volume gpu elapsed time: 206.000000 ms 
ps_SGMoptimizeSimVolume done
[09:08:39.142612][info] Refine depth map, view id: 1681010432
gpu elapsed time: 77.000000 ms 
gpu elapsed time: 79.000000 ms 
gpu elapsed time: 78.000000 ms 
gpu elapsed time: 75.000000 ms 
gpu elapsed time: 76.000000 ms 
gpu elapsed time: 79.000000 ms 
gpu elapsed time: 74.000000 ms 
gpu elapsed time: 72.000000 ms 
gpu elapsed time: 71.000000 ms 
gpu elapsed time: 77.000000 ms 
gpu elapsed time: 79.000000 ms 
gpu elapsed time: 60.000000 ms 
gpu elapsed time: 79.000000 ms 
gpu elapsed time: 79.000000 ms 
gpu elapsed time: 65.000000 ms 
gpu elapsed time: 71.000000 ms 
gpu elapsed time: 78.000000 ms 
gpu elapsed time: 70.000000 ms 
gpu elapsed time: 64.000000 ms 
gpu elapsed time: 72.000000 ms 
gpu elapsed time: 73.000000 ms 
gpu elapsed time: 59.000000 ms 
gpu elapsed time: 61.000000 ms 
gpu elapsed time: 63.000000 ms 
gpu elapsed time: 79.000000 ms 
gpu elapsed time: 77.000000 ms 
gpu elapsed time: 78.000000 ms 
gpu elapsed time: 80.000000 ms 
rc: 8, gpu elapsed time: 30.000000 ms 
rc: 8, gpu elapsed time: 29.000000 ms 
rc: 8, gpu elapsed time: 29.000000 ms 
rc: 8, gpu elapsed time: 27.000000 ms 
[09:08:42.120810][info] Task done in (s): 17.291000
